<?xml version="1.0" encoding="UTF-8"?>
<!-- Generated by org.testng.reporters.JUnitXMLReporter -->
<testsuite ignored="0" hostname="Trupti" failures="0" tests="2" name="Error Validations Test" time="0.179" errors="0" timestamp="2025-08-12T19:48:51 IST">
  <testcase classname="Selenium.SeleniumAlltestngandPom.ErrorValidation" name="LoginPgValidation" time="0.0">
    <skipped/>
  </testcase> <!-- LoginPgValidation -->
  <testcase classname="Selenium.SeleniumAlltestngandPom.ErrorValidation" name="ProductValidation" time="0.001">
    <skipped/>
  </testcase> <!-- ProductValidation -->
</testsuite> <!-- Error Validations Test -->
