<?xml version="1.0" encoding="UTF-8"?>
<!-- Generated by org.testng.reporters.JUnitReportReporter -->
<testsuite hostname="Trupti" failures="0" tests="3" name="Selenium.SeleniumAlltestngandPom.SimplePro2" time="24.108" errors="0" timestamp="2025-08-12T21:06:19 IST" skipped="0">
  <testcase classname="Selenium.SeleniumAlltestngandPom.SimplePro2" name="OrderHistory" time="4.132"/>
  <testcase classname="Selenium.SeleniumAlltestngandPom.SimplePro2" name="SubmitOrder" time="11.397"/>
  <testcase classname="Selenium.SeleniumAlltestngandPom.SimplePro2" name="SubmitOrder" time="8.579"/>
</testsuite> <!-- Selenium.SeleniumAlltestngandPom.SimplePro2 -->
