<?xml version="1.0" encoding="UTF-8"?>
<!-- Generated by org.testng.reporters.JUnitXMLReporter -->
<testsuite ignored="2" hostname="Trupti" failures="0" tests="0" time="0.014" errors="0" timestamp="2025-08-12T19:49:11 IST">
  <testcase classname="Selenium.SeleniumAlltestngandPom.ErrorValidation" name="LoginPgValidation" time="0.0">
    <ignored/>
  </testcase> <!-- LoginPgValidation -->
  <testcase classname="Selenium.SeleniumAlltestngandPom.ErrorValidation" name="ProductValidation" time="0.0">
    <ignored/>
  </testcase> <!-- ProductValidation -->
</testsuite>
