<?xml version="1.0" encoding="UTF-8"?>
<!-- Generated by org.testng.reporters.JUnitXMLReporter -->
<testsuite ignored="1" hostname="Trupti" failures="0" tests="2" name="Main project Test" time="0.389" errors="0" timestamp="2025-08-12T19:49:12 IST">
  <testcase classname="Selenium.TestComponents.BaseTest" name="@BeforeMethod Launchapp" time="0.046">
    <failure type="java.lang.NoClassDefFoundError" message="org/apache/hc/client5/http/ssl/TlsSocketStrategy">
      <![CDATA[java.lang.NoClassDefFoundError: org/apache/hc/client5/http/ssl/TlsSocketStrategy
at io.github.bonigarcia.wdm.WebDriverManager.setup(WebDriverManager.java:415)
at Selenium.TestComponents.BaseTest.initializeDriver(BaseTest.java:49)
at Selenium.TestComponents.BaseTest.Launchapp(BaseTest.java:98)
at java.base/java.util.ArrayList.forEach(ArrayList.java:1596)
at java.base/java.util.concurrent.FutureTask.run(FutureTask.java:317)
at java.base/java.util.concurrent.ThreadPoolExecutor.runWorker(ThreadPoolExecutor.java:1144)
at java.base/java.util.concurrent.ThreadPoolExecutor$Worker.run(ThreadPoolExecutor.java:642)
at java.base/java.lang.Thread.run(Thread.java:1583)
Caused by: java.lang.ClassNotFoundException: org.apache.hc.client5.http.ssl.TlsSocketStrategy
at java.base/jdk.internal.loader.BuiltinClassLoader.loadClass(BuiltinClassLoader.java:641)
at java.base/jdk.internal.loader.ClassLoaders$AppClassLoader.loadClass(ClassLoaders.java:188)
at java.base/java.lang.ClassLoader.loadClass(ClassLoader.java:526)
... 27 more
... Removed 19 stack frames]]>
    </failure>
  </testcase> <!-- @BeforeMethod Launchapp -->
  <testcase classname="Selenium.TestComponents.BaseTest" name="@AfterMethod Close" time="0.002">
    <failure type="java.lang.NullPointerException" message="Cannot invoke &amp;quot;org.openqa.selenium.WebDriver.close()&amp;quot; because &amp;quot;this.driver&amp;quot; is null">
      <![CDATA[java.lang.NullPointerException: Cannot invoke "org.openqa.selenium.WebDriver.close()" because "this.driver" is null
at Selenium.TestComponents.BaseTest.Close(BaseTest.java:112)
at java.base/java.util.ArrayList.forEach(ArrayList.java:1596)
at java.base/java.util.concurrent.FutureTask.run(FutureTask.java:317)
at java.base/java.util.concurrent.ThreadPoolExecutor.runWorker(ThreadPoolExecutor.java:1144)
at java.base/java.util.concurrent.ThreadPoolExecutor$Worker.run(ThreadPoolExecutor.java:642)
at java.base/java.lang.Thread.run(Thread.java:1583)
... Removed 20 stack frames]]>
    </failure>
  </testcase> <!-- @AfterMethod Close -->
  <testcase classname="Selenium.TestComponents.BaseTest" name="@BeforeMethod Launchapp" time="0.003">
    <failure type="java.lang.NoClassDefFoundError" message="org/apache/hc/client5/http/ssl/TlsSocketStrategy">
      <![CDATA[java.lang.NoClassDefFoundError: org/apache/hc/client5/http/ssl/TlsSocketStrategy
at io.github.bonigarcia.wdm.WebDriverManager.setup(WebDriverManager.java:415)
at Selenium.TestComponents.BaseTest.initializeDriver(BaseTest.java:49)
at Selenium.TestComponents.BaseTest.Launchapp(BaseTest.java:98)
at java.base/java.util.ArrayList.forEach(ArrayList.java:1596)
at java.base/java.util.concurrent.FutureTask.run(FutureTask.java:317)
at java.base/java.util.concurrent.ThreadPoolExecutor.runWorker(ThreadPoolExecutor.java:1144)
at java.base/java.util.concurrent.ThreadPoolExecutor$Worker.run(ThreadPoolExecutor.java:642)
at java.base/java.lang.Thread.run(Thread.java:1583)
Caused by: java.lang.ClassNotFoundException: org.apache.hc.client5.http.ssl.TlsSocketStrategy
at java.base/jdk.internal.loader.BuiltinClassLoader.loadClass(BuiltinClassLoader.java:641)
at java.base/jdk.internal.loader.ClassLoaders$AppClassLoader.loadClass(ClassLoaders.java:188)
at java.base/java.lang.ClassLoader.loadClass(ClassLoader.java:526)
... 27 more
... Removed 19 stack frames]]>
    </failure>
  </testcase> <!-- @BeforeMethod Launchapp -->
  <testcase classname="Selenium.TestComponents.BaseTest" name="@AfterMethod Close" time="0.0">
    <failure type="java.lang.NullPointerException" message="Cannot invoke &amp;quot;org.openqa.selenium.WebDriver.close()&amp;quot; because &amp;quot;this.driver&amp;quot; is null">
      <![CDATA[java.lang.NullPointerException: Cannot invoke "org.openqa.selenium.WebDriver.close()" because "this.driver" is null
at Selenium.TestComponents.BaseTest.Close(BaseTest.java:112)
at java.base/java.util.ArrayList.forEach(ArrayList.java:1596)
at java.base/java.util.concurrent.FutureTask.run(FutureTask.java:317)
at java.base/java.util.concurrent.ThreadPoolExecutor.runWorker(ThreadPoolExecutor.java:1144)
at java.base/java.util.concurrent.ThreadPoolExecutor$Worker.run(ThreadPoolExecutor.java:642)
at java.base/java.lang.Thread.run(Thread.java:1583)
... Removed 20 stack frames]]>
    </failure>
  </testcase> <!-- @AfterMethod Close -->
  <testcase classname="Selenium.SeleniumAlltestngandPom.SimplePro2" name="SubmitOrder" time="0.0">
    <skipped/>
  </testcase> <!-- SubmitOrder -->
  <testcase classname="Selenium.SeleniumAlltestngandPom.SimplePro2" name="SubmitOrder" time="0.0">
    <skipped/>
  </testcase> <!-- SubmitOrder -->
  <testcase classname="Selenium.SeleniumAlltestngandPom.SimplePro2" name="OrderHistory" time="0.0">
    <ignored/>
  </testcase> <!-- OrderHistory -->
</testsuite> <!-- Main project Test -->
